<?xml version="1.0" encoding="UTF-8"?>
<coverage generated="1670998371019" clover="3.2.0">
  <project timestamp="1670998371019" name="All files">
    <metrics statements="13" coveredstatements="13" conditionals="18" coveredconditionals="18" methods="1" coveredmethods="1" elements="32" coveredelements="32" complexity="0" loc="13" ncloc="13" packages="1" files="1" classes="1"/>
    <file name="app.js" path="/Users/rlew/Documents/fullstack/picogrid_takehome/src/app.js">
      <metrics statements="13" coveredstatements="13" conditionals="18" coveredconditionals="18" methods="1" coveredmethods="1"/>
      <line num="1" count="1" type="stmt"/>
      <line num="3" count="5" type="stmt"/>
      <line num="4" count="5" type="stmt"/>
      <line num="6" count="5" type="cond" truecount="5" falsecount="0"/>
      <line num="8" count="1" type="stmt"/>
      <line num="10" count="4" type="cond" truecount="5" falsecount="0"/>
      <line num="12" count="1" type="stmt"/>
      <line num="14" count="3" type="cond" truecount="4" falsecount="0"/>
      <line num="16" count="1" type="stmt"/>
      <line num="18" count="2" type="cond" truecount="4" falsecount="0"/>
      <line num="20" count="1" type="stmt"/>
      <line num="24" count="1" type="stmt"/>
      <line num="28" count="1" type="stmt"/>
    </file>
  </project>
</coverage>
