{"/Users/rlew/Documents/fullstack/picogrid_takehome/src/app.js": {"path":"/Users/rlew/Documents/fullstack/picogrid_takehome/src/app.js","statementMap":{"0":{"start":{"line":1,"column":12},"end":{"line":27,"column":1}},"1":{"start":{"line":3,"column":2},"end":{"line":3,"column":38}},"2":{"start":{"line":4,"column":2},"end":{"line":4,"column":38}},"3":{"start":{"line":6,"column":2},"end":{"line":25,"column":3}},"4":{"start":{"line":8,"column":4},"end":{"line":8,"column":30}},"5":{"start":{"line":10,"column":7},"end":{"line":25,"column":3}},"6":{"start":{"line":12,"column":4},"end":{"line":12,"column":30}},"7":{"start":{"line":14,"column":7},"end":{"line":25,"column":3}},"8":{"start":{"line":16,"column":4},"end":{"line":16,"column":16}},"9":{"start":{"line":18,"column":7},"end":{"line":25,"column":3}},"10":{"start":{"line":20,"column":4},"end":{"line":20,"column":16}},"11":{"start":{"line":24,"column":4},"end":{"line":24,"column":15}},"12":{"start":{"line":28,"column":0},"end":{"line":28,"column":20}}},"fnMap":{"0":{"name":"(anonymous_0)","decl":{"start":{"line":2,"column":11},"end":{"line":2,"column":12}},"loc":{"start":{"line":2,"column":34},"end":{"line":26,"column":3}},"line":2}},"branchMap":{"0":{"loc":{"start":{"line":6,"column":2},"end":{"line":25,"column":3}},"type":"if","locations":[{"start":{"line":6,"column":2},"end":{"line":25,"column":3}},{"start":{"line":10,"column":7},"end":{"line":25,"column":3}}],"line":6},"1":{"loc":{"start":{"line":6,"column":6},"end":{"line":6,"column":53}},"type":"binary-expr","locations":[{"start":{"line":6,"column":6},"end":{"line":6,"column":19}},{"start":{"line":6,"column":23},"end":{"line":6,"column":36}},{"start":{"line":6,"column":40},"end":{"line":6,"column":53}}],"line":6},"2":{"loc":{"start":{"line":10,"column":7},"end":{"line":25,"column":3}},"type":"if","locations":[{"start":{"line":10,"column":7},"end":{"line":25,"column":3}},{"start":{"line":14,"column":7},"end":{"line":25,"column":3}}],"line":10},"3":{"loc":{"start":{"line":10,"column":11},"end":{"line":10,"column":58}},"type":"binary-expr","locations":[{"start":{"line":10,"column":11},"end":{"line":10,"column":24}},{"start":{"line":10,"column":28},"end":{"line":10,"column":41}},{"start":{"line":10,"column":45},"end":{"line":10,"column":58}}],"line":10},"4":{"loc":{"start":{"line":14,"column":7},"end":{"line":25,"column":3}},"type":"if","locations":[{"start":{"line":14,"column":7},"end":{"line":25,"column":3}},{"start":{"line":18,"column":7},"end":{"line":25,"column":3}}],"line":14},"5":{"loc":{"start":{"line":14,"column":11},"end":{"line":14,"column":41}},"type":"binary-expr","locations":[{"start":{"line":14,"column":11},"end":{"line":14,"column":24}},{"start":{"line":14,"column":28},"end":{"line":14,"column":41}}],"line":14},"6":{"loc":{"start":{"line":18,"column":7},"end":{"line":25,"column":3}},"type":"if","locations":[{"start":{"line":18,"column":7},"end":{"line":25,"column":3}},{"start":{"line":22,"column":6},"end":{"line":25,"column":3}}],"line":18},"7":{"loc":{"start":{"line":18,"column":11},"end":{"line":18,"column":41}},"type":"binary-expr","locations":[{"start":{"line":18,"column":11},"end":{"line":18,"column":24}},{"start":{"line":18,"column":28},"end":{"line":18,"column":41}}],"line":18}},"s":{"0":1,"1":5,"2":5,"3":5,"4":1,"5":4,"6":1,"7":3,"8":1,"9":2,"10":1,"11":1,"12":1},"f":{"0":5},"b":{"0":[1,4],"1":[5,4,2],"2":[1,3],"3":[4,4,2],"4":[1,2],"5":[3,2],"6":[1,1],"7":[2,1]},"_coverageSchema":"1a1c01bbd47fc00a2c39e90264f33305004495a9","hash":"90bfecb550ea4a9eb703b76801b02a44bb1ab94b"}
}
